SF:lib/Cubit/Product/cubit/product_state.dart
DA:7,1
DA:9,1
DA:15,1
DA:17,1
DA:19,2
DA:25,0
DA:27,0
DA:29,0
LF:8
LH:5
end_of_record
SF:lib/Cubit/Product/cubit/product_cubit.dart
DA:13,3
DA:15,1
DA:17,6
DA:19,0
DA:23,0
DA:24,0
LF:6
LH:3
end_of_record
SF:lib/Domain/Product/ProductController.dart
DA:11,4
DA:13,2
DA:14,4
DA:17,2
DA:18,4
DA:21,2
DA:22,4
DA:25,2
DA:26,4
DA:29,2
DA:30,4
DA:33,1
DA:34,2
LF:13
LH:13
end_of_record
SF:lib/Domain/Product/ProductModel.dart
DA:9,4
DA:17,0
DA:18,0
DA:19,0
DA:20,0
DA:21,0
DA:22,0
DA:23,0
DA:26,0
DA:27,0
DA:28,0
DA:29,0
DA:30,0
DA:31,0
DA:32,0
DA:33,0
LF:16
LH:1
end_of_record
SF:lib/Repository/Product/product_repo.dart
DA:9,0
DA:10,0
DA:11,0
DA:12,0
DA:16,0
DA:17,0
DA:18,0
DA:19,0
DA:23,0
DA:27,2
DA:28,2
DA:31,2
DA:32,2
DA:35,2
DA:36,2
DA:39,2
DA:40,4
DA:43,1
DA:44,2
LF:19
LH:10
end_of_record
SF:lib/Cubit/Cart/cubit/cart_state.dart
DA:7,1
DA:9,1
DA:13,1
DA:15,1
DA:21,1
DA:23,1
DA:25,2
LF:7
LH:7
end_of_record
SF:lib/Cubit/Cart/cubit/cart_cubit.dart
DA:14,3
DA:20,1
DA:21,2
DA:22,2
DA:23,2
DA:26,1
DA:27,2
DA:28,1
LF:8
LH:8
end_of_record
SF:lib/Cubit/Product/cubit/edit_product_state.dart
DA:7,1
DA:9,1
DA:15,1
DA:17,1
DA:19,2
DA:25,0
DA:27,0
DA:29,0
LF:8
LH:5
end_of_record
SF:lib/Cubit/Product/cubit/edit_product_cubit.dart
DA:13,3
DA:15,1
DA:16,2
DA:17,2
LF:4
LH:4
end_of_record
SF:lib/locator.dart
DA:9,0
DA:11,0
DA:12,0
DA:13,0
DA:14,0
DA:15,0
DA:16,0
DA:18,0
DA:19,0
DA:21,0
LF:10
LH:0
end_of_record
